#-----------------------------------------------------------
# Webtalk v2017.2 (64-bit)
# SW Build 1909853 on Thu Jun 15 18:39:09 MDT 2017
# IP Build 1909766 on Thu Jun 15 19:58:00 MDT 2017
<<<<<<< HEAD
# Start of session at: Wed Nov 15 17:21:26 2017
# Process ID: 11528
# Current directory: C:/Users/fearl/Desktop/School/digital_circuits/ECE-2700/Final Project/Final Project.sim/sim_1/behav
# Command line: wbtcv.exe -mode batch -source C:/Users/fearl/Desktop/School/digital_circuits/ECE-2700/Final Project/Final Project.sim/sim_1/behav/xsim.dir/simgame_behav/webtalk/xsim_webtalk.tcl -notrace
# Log file: C:/Users/fearl/Desktop/School/digital_circuits/ECE-2700/Final Project/Final Project.sim/sim_1/behav/webtalk.log
# Journal file: C:/Users/fearl/Desktop/School/digital_circuits/ECE-2700/Final Project/Final Project.sim/sim_1/behav\webtalk.jou
#-----------------------------------------------------------
source C:/Users/fearl/Desktop/School/digital_circuits/ECE-2700/Final -notrace
couldn't read file "C:/Users/fearl/Desktop/School/digital_circuits/ECE-2700/Final": no such file or directory
INFO: [Common 17-206] Exiting Webtalk at Wed Nov 15 17:21:26 2017...
=======
# Start of session at: Thu Nov 16 00:58:57 2017
# Process ID: 6928
# Current directory: C:/Users/Brandon/Desktop/School/Digital circuits/ECE-2700/Final Project/Final Project.sim/sim_1/behav
# Command line: wbtcv.exe -mode batch -source C:/Users/Brandon/Desktop/School/Digital circuits/ECE-2700/Final Project/Final Project.sim/sim_1/behav/xsim.dir/simgame_behav/webtalk/xsim_webtalk.tcl -notrace
# Log file: C:/Users/Brandon/Desktop/School/Digital circuits/ECE-2700/Final Project/Final Project.sim/sim_1/behav/webtalk.log
# Journal file: C:/Users/Brandon/Desktop/School/Digital circuits/ECE-2700/Final Project/Final Project.sim/sim_1/behav\webtalk.jou
#-----------------------------------------------------------
source C:/Users/Brandon/Desktop/School/Digital -notrace
couldn't read file "C:/Users/Brandon/Desktop/School/Digital": no such file or directory
INFO: [Common 17-206] Exiting Webtalk at Thu Nov 16 00:58:57 2017...
>>>>>>> 5be49005d82518c321565bf52fc9bbb9902145d5
