Unable to capture context for thread 8028 in process 9292, can not generate back trace
Unable to capture context for thread 12444 in process 9292, can not generate back trace
Exception at PC 0x00007FFB3C69BB93
Printing stacktrace...

[0]  [0x00007FFB3C69BB93]
[1]  [0x00007FFB3C69BB93]
[2]  [0x00007FFB3C69B4A1]
[3]  [0x00007FFB3C69B3EF]
[4]  [0x00007FFB3C6819FE]
[5]  [0x00007FFB3C680ED1]
[6]  [0x00007FFB3C680D76]
[7]  [0x00007FFB3C6279F6]
[8]  [0x00007FFB3C617AFB]
[9]  [0x00007FFB3C73E90A]
[10]  [0x00007FFB3C759F87]
[11]  [0x00007FFB3C75A05F]
[12] (BaseThreadInitThunk+0x14) [0x00007FFBBAAF2774]
[13] (RtlUserThreadStart+0x21) [0x00007FFBBD5F0D51]
Done
Exception at PC 0x00007FFB3C3A1A52
Attemped to write at address 0x00007FFB81FFABA4
Printing stacktrace...

[0]  [0x00007FFB3C3A1A52]
[1]  [0x00007FFB3C3A1A52]
[2]  [0x00007FFB3C3A1AD4]
[3]  [0x00007FFB3C4E3FF7]
[4]  [0x00007FFB3C3C9128]
[5]  [0x00007FFB3C67DFB9]
[6]  [0x00007FFB3C84EF23]
[7]  [0x00007FFB3C75B06B]
[8]  [0x00007FFB3C7508AF]
[9]  [0x00007FFB3C750A32]
[10] (RtlDeactivateActivationContextUnsafeFast+0x1af) [0x00007FFBBD5A485F]
[11] (LdrShutdownProcess+0x12c) [0x00007FFBBD5CD43C]
[12] (RtlExitUserProcess+0xb4) [0x00007FFBBD5CD2F4]
[13] (FatalExit+0xa) [0x00007FFBBAAFC0DA]
[14] (exit+0x75) [0x00007FFBBC5BA045]
[15] (initterm_e+0x21d) [0x00007FFBBC5BA68D]
[16]  [0x00000000004014CD]
[17]  [0x000000000040151B]
[18] (BaseThreadInitThunk+0x14) [0x00007FFBBAAF2774]
[19] (RtlUserThreadStart+0x21) [0x00007FFBBD5F0D51]
Done
