#-----------------------------------------------------------
<<<<<<< HEAD
# Webtalk v2017.2 (64-bit)
# SW Build 1909853 on Thu Jun 15 18:39:09 MDT 2017
# IP Build 1909766 on Thu Jun 15 19:58:00 MDT 2017
# Start of session at: Thu Nov  2 14:47:45 2017
# Process ID: 7172
# Current directory: C:/Users/Brandon/Desktop/School/Digital circuits/ECE-2700/Lab4/counter/counter.sim/sim_1/behav
# Command line: wbtcv.exe -mode batch -source C:/Users/Brandon/Desktop/School/Digital circuits/ECE-2700/Lab4/counter/counter.sim/sim_1/behav/xsim.dir/testCounter_behav/webtalk/xsim_webtalk.tcl -notrace
# Log file: C:/Users/Brandon/Desktop/School/Digital circuits/ECE-2700/Lab4/counter/counter.sim/sim_1/behav/webtalk.log
# Journal file: C:/Users/Brandon/Desktop/School/Digital circuits/ECE-2700/Lab4/counter/counter.sim/sim_1/behav\webtalk.jou
#-----------------------------------------------------------
source C:/Users/Brandon/Desktop/School/Digital -notrace
couldn't read file "C:/Users/Brandon/Desktop/School/Digital": no such file or directory
INFO: [Common 17-206] Exiting Webtalk at Thu Nov  2 14:47:45 2017...
=======
# Webtalk v2015.4 (64-bit)
# SW Build 1412921 on Wed Nov 18 09:44:32 MST 2015
# IP Build 1412160 on Tue Nov 17 13:47:24 MST 2015
# Start of session at: Wed Nov  1 10:14:35 2017
# Process ID: 28896
# Current directory: /home/A01577421/Desktop/ECE2700/Lab4/counter/counter.sim/sim_1/behav
# Command line: wbtcv -mode batch -source /home/A01577421/Desktop/ECE2700/Lab4/counter/counter.sim/sim_1/behav/xsim.dir/testcount_behav/webtalk/xsim_webtalk.tcl -notrace
# Log file: /home/A01577421/Desktop/ECE2700/Lab4/counter/counter.sim/sim_1/behav/webtalk.log
# Journal file: /home/A01577421/Desktop/ECE2700/Lab4/counter/counter.sim/sim_1/behav/webtalk.jou
#-----------------------------------------------------------
source /home/A01577421/Desktop/ECE2700/Lab4/counter/counter.sim/sim_1/behav/xsim.dir/testcount_behav/webtalk/xsim_webtalk.tcl -notrace
INFO: [Common 17-206] Exiting Webtalk at Wed Nov  1 10:14:35 2017...
>>>>>>> 7fa8c12894db453d7092e44d2e1fb75e0c8a5196
