<<<<<<< HEAD
INFO: [VRFC 10-2263] Analyzing Verilog file "C:/Users/Brandon/Desktop/School/Digital circuits/ECE-2700/Lab4/counter/counter.srcs/sources_1/imports/Lab4/rotateLED/rotateLED.srcs/sources_1/imports/ECE2700/Lab1/ClockDivider/ClockDivider.srcs/sources_1/new/ClockDivider.v" into library xil_defaultlib
INFO: [VRFC 10-311] analyzing module ClockDivider
INFO: [VRFC 10-2263] Analyzing Verilog file "C:/Users/Brandon/Desktop/School/Digital circuits/ECE-2700/Lab4/counter/counter.srcs/sources_1/imports/Lab4/rotateLED/rotateLED.srcs/sources_1/imports/ECE2700/Lab4/project_1/project_1.srcs/sources_1/new/DFF.v" into library xil_defaultlib
INFO: [VRFC 10-311] analyzing module DFF
INFO: [VRFC 10-2263] Analyzing Verilog file "C:/Users/Brandon/Desktop/School/Digital circuits/ECE-2700/Lab4/counter/counter.srcs/sources_1/imports/Lab4/project_1/project_1.srcs/sources_1/new/JKFF.v" into library xil_defaultlib
INFO: [VRFC 10-311] analyzing module JKFF
INFO: [VRFC 10-2263] Analyzing Verilog file "C:/Users/Brandon/Desktop/School/Digital circuits/ECE-2700/Lab4/counter/counter.srcs/sources_1/new/counter.v" into library xil_defaultlib
INFO: [VRFC 10-311] analyzing module counter
INFO: [VRFC 10-2263] Analyzing Verilog file "C:/Users/Brandon/Desktop/School/Digital circuits/ECE-2700/Lab4/counter/counter.srcs/sources_1/imports/Lab4/rotateLED/rotateLED.srcs/sources_1/imports/ECE2700/Lab4/project_1/project_1.srcs/sources_1/new/dlatch.v" into library xil_defaultlib
INFO: [VRFC 10-311] analyzing module dlatch
INFO: [VRFC 10-2263] Analyzing Verilog file "C:/Users/Brandon/Desktop/School/Digital circuits/ECE-2700/Lab4/counter/counter.srcs/sim_1/new/testCounter.v" into library xil_defaultlib
INFO: [VRFC 10-311] analyzing module testCounter
INFO: [VRFC 10-2263] Analyzing Verilog file "C:/Users/Brandon/Desktop/School/Digital circuits/ECE-2700/Lab4/counter/counter.sim/sim_1/behav/glbl.v" into library xil_defaultlib
=======
INFO: [VRFC 10-2263] Analyzing Verilog file "/home/A01577421/Desktop/ECE2700/Lab4/counter/counter.srcs/sources_1/imports/Lab4/rotateLED/rotateLED.srcs/sources_1/imports/ECE2700/Lab4/project_1/project_1.srcs/sources_1/new/dlatch.v" into library xil_defaultlib
INFO: [VRFC 10-311] analyzing module dlatch
INFO: [VRFC 10-2263] Analyzing Verilog file "/home/A01577421/Desktop/ECE2700/Lab4/counter/counter.srcs/sources_1/imports/Lab4/rotateLED/rotateLED.srcs/sources_1/imports/ECE2700/Lab4/project_1/project_1.srcs/sources_1/new/DFF.v" into library xil_defaultlib
INFO: [VRFC 10-311] analyzing module DFF
INFO: [VRFC 10-2263] Analyzing Verilog file "/home/A01577421/Desktop/ECE2700/Lab4/counter/counter.srcs/sources_1/imports/Lab4/project_1/project_1.srcs/sources_1/new/JKFF.v" into library xil_defaultlib
INFO: [VRFC 10-311] analyzing module JKFF
INFO: [VRFC 10-2263] Analyzing Verilog file "/home/A01577421/Desktop/ECE2700/Lab4/counter/counter.srcs/sources_1/new/counter.v" into library xil_defaultlib
INFO: [VRFC 10-311] analyzing module counter
INFO: [VRFC 10-2263] Analyzing Verilog file "/home/A01577421/Desktop/ECE2700/Lab4/counter/counter.srcs/sim_1/new/testcount.v" into library xil_defaultlib
INFO: [VRFC 10-311] analyzing module testcount
INFO: [VRFC 10-2263] Analyzing Verilog file "/home/A01577421/Desktop/ECE2700/Lab4/counter/counter.sim/sim_1/behav/glbl.v" into library xil_defaultlib
>>>>>>> 7fa8c12894db453d7092e44d2e1fb75e0c8a5196
INFO: [VRFC 10-311] analyzing module glbl
