#-----------------------------------------------------------
# Vivado v2015.4 (64-bit)
# SW Build 1412921 on Wed Nov 18 09:44:32 MST 2015
# IP Build 1412160 on Tue Nov 17 13:47:24 MST 2015
# Start of session at: Thu Sep 14 09:57:13 2017
# Process ID: 18350
# Current directory: /home/A01577421/Desktop/ECE2700/Lab2A
# Command line: vivado
# Log file: /home/A01577421/Desktop/ECE2700/Lab2A/vivado.log
# Journal file: /home/A01577421/Desktop/ECE2700/Lab2A/vivado.jou
#-----------------------------------------------------------
start_gui
WARNING: [Board 49-26] cannot add Board Part digilentinc.com:arty-s7-50:part0:1.0 available at /opt/software/xilinx/Vivado/2015.4/data/boards/board_files/arty-s7-50/B.0/board.xml as part xc7s50csga324-1 specified in board_part file is either invalid or not available
WARNING: [Board 49-26] cannot add Board Part digilentinc.com:genesys2:part0:1.1 available at /opt/software/xilinx/Vivado/2015.4/data/boards/board_files/genesys2/H/board.xml as part xc7k325tffg900-2 specified in board_part file is either invalid or not available
WARNING: [Board 49-26] cannot add Board Part digilentinc.com:arty-s7-50:part0:1.0 available at /opt/software/xilinx/Vivado/2015.4/data/boards/board_files/arty-s7-50/B.0/board.xml as part xc7s50csga324-1 specified in board_part file is either invalid or not available
WARNING: [Board 49-26] cannot add Board Part digilentinc.com:genesys2:part0:1.1 available at /opt/software/xilinx/Vivado/2015.4/data/boards/board_files/genesys2/H/board.xml as part xc7k325tffg900-2 specified in board_part file is either invalid or not available
WARNING: [Board 49-26] cannot add Board Part digilentinc.com:arty-s7-50:part0:1.0 available at /opt/software/xilinx/Vivado/2015.4/data/boards/board_files/arty-s7-50/B.0/board.xml as part xc7s50csga324-1 specified in board_part file is either invalid or not available
WARNING: [Board 49-26] cannot add Board Part digilentinc.com:genesys2:part0:1.1 available at /opt/software/xilinx/Vivado/2015.4/data/boards/board_files/genesys2/H/board.xml as part xc7k325tffg900-2 specified in board_part file is either invalid or not available
WARNING: [Board 49-26] cannot add Board Part digilentinc.com:arty-s7-50:part0:1.0 available at /opt/software/xilinx/Vivado/2015.4/data/boards/board_files/arty-s7-50/B.0/board.xml as part xc7s50csga324-1 specified in board_part file is either invalid or not available
WARNING: [Board 49-26] cannot add Board Part digilentinc.com:genesys2:part0:1.1 available at /opt/software/xilinx/Vivado/2015.4/data/boards/board_files/genesys2/H/board.xml as part xc7k325tffg900-2 specified in board_part file is either invalid or not available
WARNING: [Board 49-26] cannot add Board Part digilentinc.com:arty-s7-50:part0:1.0 available at /opt/software/xilinx/Vivado/2015.4/data/boards/board_files/arty-s7-50/B.0/board.xml as part xc7s50csga324-1 specified in board_part file is either invalid or not available
WARNING: [Board 49-26] cannot add Board Part digilentinc.com:genesys2:part0:1.1 available at /opt/software/xilinx/Vivado/2015.4/data/boards/board_files/genesys2/H/board.xml as part xc7k325tffg900-2 specified in board_part file is either invalid or not available
WARNING: [Board 49-26] cannot add Board Part digilentinc.com:arty-s7-50:part0:1.0 available at /opt/software/xilinx/Vivado/2015.4/data/boards/board_files/arty-s7-50/B.0/board.xml as part xc7s50csga324-1 specified in board_part file is either invalid or not available
WARNING: [Board 49-26] cannot add Board Part digilentinc.com:genesys2:part0:1.1 available at /opt/software/xilinx/Vivado/2015.4/data/boards/board_files/genesys2/H/board.xml as part xc7k325tffg900-2 specified in board_part file is either invalid or not available
WARNING: [Board 49-26] cannot add Board Part digilentinc.com:arty-s7-50:part0:1.0 available at /opt/software/xilinx/Vivado/2015.4/data/boards/board_files/arty-s7-50/B.0/board.xml as part xc7s50csga324-1 specified in board_part file is either invalid or not available
WARNING: [Board 49-26] cannot add Board Part digilentinc.com:genesys2:part0:1.1 available at /opt/software/xilinx/Vivado/2015.4/data/boards/board_files/genesys2/H/board.xml as part xc7k325tffg900-2 specified in board_part file is either invalid or not available
WARNING: [Board 49-26] cannot add Board Part digilentinc.com:arty-s7-50:part0:1.0 available at /opt/software/xilinx/Vivado/2015.4/data/boards/board_files/arty-s7-50/B.0/board.xml as part xc7s50csga324-1 specified in board_part file is either invalid or not available
WARNING: [Board 49-26] cannot add Board Part digilentinc.com:genesys2:part0:1.1 available at /opt/software/xilinx/Vivado/2015.4/data/boards/board_files/genesys2/H/board.xml as part xc7k325tffg900-2 specified in board_part file is either invalid or not available
WARNING: [Board 49-26] cannot add Board Part digilentinc.com:arty-s7-50:part0:1.0 available at /opt/software/xilinx/Vivado/2015.4/data/boards/board_files/arty-s7-50/B.0/board.xml as part xc7s50csga324-1 specified in board_part file is either invalid or not available
WARNING: [Board 49-26] cannot add Board Part digilentinc.com:genesys2:part0:1.1 available at /opt/software/xilinx/Vivado/2015.4/data/boards/board_files/genesys2/H/board.xml as part xc7k325tffg900-2 specified in board_part file is either invalid or not available
WARNING: [Board 49-26] cannot add Board Part digilentinc.com:arty-s7-50:part0:1.0 available at /opt/software/xilinx/Vivado/2015.4/data/boards/board_files/arty-s7-50/B.0/board.xml as part xc7s50csga324-1 specified in board_part file is either invalid or not available
WARNING: [Board 49-26] cannot add Board Part digilentinc.com:genesys2:part0:1.1 available at /opt/software/xilinx/Vivado/2015.4/data/boards/board_files/genesys2/H/board.xml as part xc7k325tffg900-2 specified in board_part file is either invalid or not available
WARNING: [Board 49-26] cannot add Board Part digilentinc.com:arty-s7-50:part0:1.0 available at /opt/software/xilinx/Vivado/2015.4/data/boards/board_files/arty-s7-50/B.0/board.xml as part xc7s50csga324-1 specified in board_part file is either invalid or not available
WARNING: [Board 49-26] cannot add Board Part digilentinc.com:genesys2:part0:1.1 available at /opt/software/xilinx/Vivado/2015.4/data/boards/board_files/genesys2/H/board.xml as part xc7k325tffg900-2 specified in board_part file is either invalid or not available
WARNING: [Board 49-26] cannot add Board Part digilentinc.com:arty-s7-50:part0:1.0 available at /opt/software/xilinx/Vivado/2015.4/data/boards/board_files/arty-s7-50/B.0/board.xml as part xc7s50csga324-1 specified in board_part file is either invalid or not available
WARNING: [Board 49-26] cannot add Board Part digilentinc.com:genesys2:part0:1.1 available at /opt/software/xilinx/Vivado/2015.4/data/boards/board_files/genesys2/H/board.xml as part xc7k325tffg900-2 specified in board_part file is either invalid or not available
WARNING: [Board 49-26] cannot add Board Part digilentinc.com:arty-s7-50:part0:1.0 available at /opt/software/xilinx/Vivado/2015.4/data/boards/board_files/arty-s7-50/B.0/board.xml as part xc7s50csga324-1 specified in board_part file is either invalid or not available
WARNING: [Board 49-26] cannot add Board Part digilentinc.com:genesys2:part0:1.1 available at /opt/software/xilinx/Vivado/2015.4/data/boards/board_files/genesys2/H/board.xml as part xc7k325tffg900-2 specified in board_part file is either invalid or not available
WARNING: [Board 49-26] cannot add Board Part digilentinc.com:arty-s7-50:part0:1.0 available at /opt/software/xilinx/Vivado/2015.4/data/boards/board_files/arty-s7-50/B.0/board.xml as part xc7s50csga324-1 specified in board_part file is either invalid or not available
WARNING: [Board 49-26] cannot add Board Part digilentinc.com:genesys2:part0:1.1 available at /opt/software/xilinx/Vivado/2015.4/data/boards/board_files/genesys2/H/board.xml as part xc7k325tffg900-2 specified in board_part file is either invalid or not available
WARNING: [Board 49-26] cannot add Board Part digilentinc.com:arty-s7-50:part0:1.0 available at /opt/software/xilinx/Vivado/2015.4/data/boards/board_files/arty-s7-50/B.0/board.xml as part xc7s50csga324-1 specified in board_part file is either invalid or not available
WARNING: [Board 49-26] cannot add Board Part digilentinc.com:genesys2:part0:1.1 available at /opt/software/xilinx/Vivado/2015.4/data/boards/board_files/genesys2/H/board.xml as part xc7k325tffg900-2 specified in board_part file is either invalid or not available
WARNING: [Board 49-26] cannot add Board Part digilentinc.com:arty-s7-50:part0:1.0 available at /opt/software/xilinx/Vivado/2015.4/data/boards/board_files/arty-s7-50/B.0/board.xml as part xc7s50csga324-1 specified in board_part file is either invalid or not available
WARNING: [Board 49-26] cannot add Board Part digilentinc.com:genesys2:part0:1.1 available at /opt/software/xilinx/Vivado/2015.4/data/boards/board_files/genesys2/H/board.xml as part xc7k325tffg900-2 specified in board_part file is either invalid or not available
WARNING: [Board 49-26] cannot add Board Part digilentinc.com:arty-s7-50:part0:1.0 available at /opt/software/xilinx/Vivado/2015.4/data/boards/board_files/arty-s7-50/B.0/board.xml as part xc7s50csga324-1 specified in board_part file is either invalid or not available
WARNING: [Board 49-26] cannot add Board Part digilentinc.com:genesys2:part0:1.1 available at /opt/software/xilinx/Vivado/2015.4/data/boards/board_files/genesys2/H/board.xml as part xc7k325tffg900-2 specified in board_part file is either invalid or not available
WARNING: [Board 49-26] cannot add Board Part digilentinc.com:arty-s7-50:part0:1.0 available at /opt/software/xilinx/Vivado/2015.4/data/boards/board_files/arty-s7-50/B.0/board.xml as part xc7s50csga324-1 specified in board_part file is either invalid or not available
WARNING: [Board 49-26] cannot add Board Part digilentinc.com:genesys2:part0:1.1 available at /opt/software/xilinx/Vivado/2015.4/data/boards/board_files/genesys2/H/board.xml as part xc7k325tffg900-2 specified in board_part file is either invalid or not available
WARNING: [Board 49-26] cannot add Board Part digilentinc.com:arty-s7-50:part0:1.0 available at /opt/software/xilinx/Vivado/2015.4/data/boards/board_files/arty-s7-50/B.0/board.xml as part xc7s50csga324-1 specified in board_part file is either invalid or not available
WARNING: [Board 49-26] cannot add Board Part digilentinc.com:genesys2:part0:1.1 available at /opt/software/xilinx/Vivado/2015.4/data/boards/board_files/genesys2/H/board.xml as part xc7k325tffg900-2 specified in board_part file is either invalid or not available
WARNING: [Board 49-26] cannot add Board Part digilentinc.com:arty-s7-50:part0:1.0 available at /opt/software/xilinx/Vivado/2015.4/data/boards/board_files/arty-s7-50/B.0/board.xml as part xc7s50csga324-1 specified in board_part file is either invalid or not available
WARNING: [Board 49-26] cannot add Board Part digilentinc.com:genesys2:part0:1.1 available at /opt/software/xilinx/Vivado/2015.4/data/boards/board_files/genesys2/H/board.xml as part xc7k325tffg900-2 specified in board_part file is either invalid or not available
WARNING: [Board 49-26] cannot add Board Part digilentinc.com:arty-s7-50:part0:1.0 available at /opt/software/xilinx/Vivado/2015.4/data/boards/board_files/arty-s7-50/B.0/board.xml as part xc7s50csga324-1 specified in board_part file is either invalid or not available
WARNING: [Board 49-26] cannot add Board Part digilentinc.com:genesys2:part0:1.1 available at /opt/software/xilinx/Vivado/2015.4/data/boards/board_files/genesys2/H/board.xml as part xc7k325tffg900-2 specified in board_part file is either invalid or not available
WARNING: [Board 49-26] cannot add Board Part digilentinc.com:arty-s7-50:part0:1.0 available at /opt/software/xilinx/Vivado/2015.4/data/boards/board_files/arty-s7-50/B.0/board.xml as part xc7s50csga324-1 specified in board_part file is either invalid or not available
WARNING: [Board 49-26] cannot add Board Part digilentinc.com:genesys2:part0:1.1 available at /opt/software/xilinx/Vivado/2015.4/data/boards/board_files/genesys2/H/board.xml as part xc7k325tffg900-2 specified in board_part file is either invalid or not available
WARNING: [Board 49-26] cannot add Board Part digilentinc.com:arty-s7-50:part0:1.0 available at /opt/software/xilinx/Vivado/2015.4/data/boards/board_files/arty-s7-50/B.0/board.xml as part xc7s50csga324-1 specified in board_part file is either invalid or not available
WARNING: [Board 49-26] cannot add Board Part digilentinc.com:genesys2:part0:1.1 available at /opt/software/xilinx/Vivado/2015.4/data/boards/board_files/genesys2/H/board.xml as part xc7k325tffg900-2 specified in board_part file is either invalid or not available
WARNING: [Board 49-26] cannot add Board Part digilentinc.com:arty-s7-50:part0:1.0 available at /opt/software/xilinx/Vivado/2015.4/data/boards/board_files/arty-s7-50/B.0/board.xml as part xc7s50csga324-1 specified in board_part file is either invalid or not available
WARNING: [Board 49-26] cannot add Board Part digilentinc.com:genesys2:part0:1.1 available at /opt/software/xilinx/Vivado/2015.4/data/boards/board_files/genesys2/H/board.xml as part xc7k325tffg900-2 specified in board_part file is either invalid or not available
WARNING: [Board 49-26] cannot add Board Part digilentinc.com:arty-s7-50:part0:1.0 available at /opt/software/xilinx/Vivado/2015.4/data/boards/board_files/arty-s7-50/B.0/board.xml as part xc7s50csga324-1 specified in board_part file is either invalid or not available
WARNING: [Board 49-26] cannot add Board Part digilentinc.com:genesys2:part0:1.1 available at /opt/software/xilinx/Vivado/2015.4/data/boards/board_files/genesys2/H/board.xml as part xc7k325tffg900-2 specified in board_part file is either invalid or not available
WARNING: [Board 49-26] cannot add Board Part digilentinc.com:arty-s7-50:part0:1.0 available at /opt/software/xilinx/Vivado/2015.4/data/boards/board_files/arty-s7-50/B.0/board.xml as part xc7s50csga324-1 specified in board_part file is either invalid or not available
WARNING: [Board 49-26] cannot add Board Part digilentinc.com:genesys2:part0:1.1 available at /opt/software/xilinx/Vivado/2015.4/data/boards/board_files/genesys2/H/board.xml as part xc7k325tffg900-2 specified in board_part file is either invalid or not available
WARNING: [Board 49-26] cannot add Board Part digilentinc.com:arty-s7-50:part0:1.0 available at /opt/software/xilinx/Vivado/2015.4/data/boards/board_files/arty-s7-50/B.0/board.xml as part xc7s50csga324-1 specified in board_part file is either invalid or not available
WARNING: [Board 49-26] cannot add Board Part digilentinc.com:genesys2:part0:1.1 available at /opt/software/xilinx/Vivado/2015.4/data/boards/board_files/genesys2/H/board.xml as part xc7k325tffg900-2 specified in board_part file is either invalid or not available
WARNING: [Board 49-26] cannot add Board Part digilentinc.com:arty-s7-50:part0:1.0 available at /opt/software/xilinx/Vivado/2015.4/data/boards/board_files/arty-s7-50/B.0/board.xml as part xc7s50csga324-1 specified in board_part file is either invalid or not available
WARNING: [Board 49-26] cannot add Board Part digilentinc.com:genesys2:part0:1.1 available at /opt/software/xilinx/Vivado/2015.4/data/boards/board_files/genesys2/H/board.xml as part xc7k325tffg900-2 specified in board_part file is either invalid or not available
WARNING: [Board 49-26] cannot add Board Part digilentinc.com:arty-s7-50:part0:1.0 available at /opt/software/xilinx/Vivado/2015.4/data/boards/board_files/arty-s7-50/B.0/board.xml as part xc7s50csga324-1 specified in board_part file is either invalid or not available
WARNING: [Board 49-26] cannot add Board Part digilentinc.com:genesys2:part0:1.1 available at /opt/software/xilinx/Vivado/2015.4/data/boards/board_files/genesys2/H/board.xml as part xc7k325tffg900-2 specified in board_part file is either invalid or not available
WARNING: [Board 49-26] cannot add Board Part digilentinc.com:arty-s7-50:part0:1.0 available at /opt/software/xilinx/Vivado/2015.4/data/boards/board_files/arty-s7-50/B.0/board.xml as part xc7s50csga324-1 specified in board_part file is either invalid or not available
WARNING: [Board 49-26] cannot add Board Part digilentinc.com:genesys2:part0:1.1 available at /opt/software/xilinx/Vivado/2015.4/data/boards/board_files/genesys2/H/board.xml as part xc7k325tffg900-2 specified in board_part file is either invalid or not available
WARNING: [Board 49-26] cannot add Board Part digilentinc.com:arty-s7-50:part0:1.0 available at /opt/software/xilinx/Vivado/2015.4/data/boards/board_files/arty-s7-50/B.0/board.xml as part xc7s50csga324-1 specified in board_part file is either invalid or not available
WARNING: [Board 49-26] cannot add Board Part digilentinc.com:genesys2:part0:1.1 available at /opt/software/xilinx/Vivado/2015.4/data/boards/board_files/genesys2/H/board.xml as part xc7k325tffg900-2 specified in board_part file is either invalid or not available
WARNING: [Board 49-26] cannot add Board Part digilentinc.com:arty-s7-50:part0:1.0 available at /opt/software/xilinx/Vivado/2015.4/data/boards/board_files/arty-s7-50/B.0/board.xml as part xc7s50csga324-1 specified in board_part file is either invalid or not available
WARNING: [Board 49-26] cannot add Board Part digilentinc.com:genesys2:part0:1.1 available at /opt/software/xilinx/Vivado/2015.4/data/boards/board_files/genesys2/H/board.xml as part xc7k325tffg900-2 specified in board_part file is either invalid or not available
WARNING: [Board 49-26] cannot add Board Part digilentinc.com:arty-s7-50:part0:1.0 available at /opt/software/xilinx/Vivado/2015.4/data/boards/board_files/arty-s7-50/B.0/board.xml as part xc7s50csga324-1 specified in board_part file is either invalid or not available
WARNING: [Board 49-26] cannot add Board Part digilentinc.com:genesys2:part0:1.1 available at /opt/software/xilinx/Vivado/2015.4/data/boards/board_files/genesys2/H/board.xml as part xc7k325tffg900-2 specified in board_part file is either invalid or not available
WARNING: [Board 49-26] cannot add Board Part digilentinc.com:arty-s7-50:part0:1.0 available at /opt/software/xilinx/Vivado/2015.4/data/boards/board_files/arty-s7-50/B.0/board.xml as part xc7s50csga324-1 specified in board_part file is either invalid or not available
WARNING: [Board 49-26] cannot add Board Part digilentinc.com:genesys2:part0:1.1 available at /opt/software/xilinx/Vivado/2015.4/data/boards/board_files/genesys2/H/board.xml as part xc7k325tffg900-2 specified in board_part file is either invalid or not available
WARNING: [Board 49-26] cannot add Board Part digilentinc.com:arty-s7-50:part0:1.0 available at /opt/software/xilinx/Vivado/2015.4/data/boards/board_files/arty-s7-50/B.0/board.xml as part xc7s50csga324-1 specified in board_part file is either invalid or not available
WARNING: [Board 49-26] cannot add Board Part digilentinc.com:genesys2:part0:1.1 available at /opt/software/xilinx/Vivado/2015.4/data/boards/board_files/genesys2/H/board.xml as part xc7k325tffg900-2 specified in board_part file is either invalid or not available
WARNING: [Board 49-26] cannot add Board Part digilentinc.com:arty-s7-50:part0:1.0 available at /opt/software/xilinx/Vivado/2015.4/data/boards/board_files/arty-s7-50/B.0/board.xml as part xc7s50csga324-1 specified in board_part file is either invalid or not available
WARNING: [Board 49-26] cannot add Board Part digilentinc.com:genesys2:part0:1.1 available at /opt/software/xilinx/Vivado/2015.4/data/boards/board_files/genesys2/H/board.xml as part xc7k325tffg900-2 specified in board_part file is either invalid or not available
WARNING: [Board 49-26] cannot add Board Part digilentinc.com:arty-s7-50:part0:1.0 available at /opt/software/xilinx/Vivado/2015.4/data/boards/board_files/arty-s7-50/B.0/board.xml as part xc7s50csga324-1 specified in board_part file is either invalid or not available
WARNING: [Board 49-26] cannot add Board Part digilentinc.com:genesys2:part0:1.1 available at /opt/software/xilinx/Vivado/2015.4/data/boards/board_files/genesys2/H/board.xml as part xc7k325tffg900-2 specified in board_part file is either invalid or not available
WARNING: [Board 49-26] cannot add Board Part digilentinc.com:arty-s7-50:part0:1.0 available at /opt/software/xilinx/Vivado/2015.4/data/boards/board_files/arty-s7-50/B.0/board.xml as part xc7s50csga324-1 specified in board_part file is either invalid or not available
WARNING: [Board 49-26] cannot add Board Part digilentinc.com:genesys2:part0:1.1 available at /opt/software/xilinx/Vivado/2015.4/data/boards/board_files/genesys2/H/board.xml as part xc7k325tffg900-2 specified in board_part file is either invalid or not available
WARNING: [Board 49-26] cannot add Board Part digilentinc.com:arty-s7-50:part0:1.0 available at /opt/software/xilinx/Vivado/2015.4/data/boards/board_files/arty-s7-50/B.0/board.xml as part xc7s50csga324-1 specified in board_part file is either invalid or not available
WARNING: [Board 49-26] cannot add Board Part digilentinc.com:genesys2:part0:1.1 available at /opt/software/xilinx/Vivado/2015.4/data/boards/board_files/genesys2/H/board.xml as part xc7k325tffg900-2 specified in board_part file is either invalid or not available
WARNING: [Board 49-26] cannot add Board Part digilentinc.com:arty-s7-50:part0:1.0 available at /opt/software/xilinx/Vivado/2015.4/data/boards/board_files/arty-s7-50/B.0/board.xml as part xc7s50csga324-1 specified in board_part file is either invalid or not available
WARNING: [Board 49-26] cannot add Board Part digilentinc.com:genesys2:part0:1.1 available at /opt/software/xilinx/Vivado/2015.4/data/boards/board_files/genesys2/H/board.xml as part xc7k325tffg900-2 specified in board_part file is either invalid or not available
WARNING: [Board 49-26] cannot add Board Part digilentinc.com:arty-s7-50:part0:1.0 available at /opt/software/xilinx/Vivado/2015.4/data/boards/board_files/arty-s7-50/B.0/board.xml as part xc7s50csga324-1 specified in board_part file is either invalid or not available
WARNING: [Board 49-26] cannot add Board Part digilentinc.com:genesys2:part0:1.1 available at /opt/software/xilinx/Vivado/2015.4/data/boards/board_files/genesys2/H/board.xml as part xc7k325tffg900-2 specified in board_part file is either invalid or not available
WARNING: [Board 49-26] cannot add Board Part digilentinc.com:arty-s7-50:part0:1.0 available at /opt/software/xilinx/Vivado/2015.4/data/boards/board_files/arty-s7-50/B.0/board.xml as part xc7s50csga324-1 specified in board_part file is either invalid or not available
WARNING: [Board 49-26] cannot add Board Part digilentinc.com:genesys2:part0:1.1 available at /opt/software/xilinx/Vivado/2015.4/data/boards/board_files/genesys2/H/board.xml as part xc7k325tffg900-2 specified in board_part file is either invalid or not available
WARNING: [Board 49-26] cannot add Board Part digilentinc.com:arty-s7-50:part0:1.0 available at /opt/software/xilinx/Vivado/2015.4/data/boards/board_files/arty-s7-50/B.0/board.xml as part xc7s50csga324-1 specified in board_part file is either invalid or not available
WARNING: [Board 49-26] cannot add Board Part digilentinc.com:genesys2:part0:1.1 available at /opt/software/xilinx/Vivado/2015.4/data/boards/board_files/genesys2/H/board.xml as part xc7k325tffg900-2 specified in board_part file is either invalid or not available
WARNING: [Board 49-26] cannot add Board Part digilentinc.com:arty-s7-50:part0:1.0 available at /opt/software/xilinx/Vivado/2015.4/data/boards/board_files/arty-s7-50/B.0/board.xml as part xc7s50csga324-1 specified in board_part file is either invalid or not available
WARNING: [Board 49-26] cannot add Board Part digilentinc.com:genesys2:part0:1.1 available at /opt/software/xilinx/Vivado/2015.4/data/boards/board_files/genesys2/H/board.xml as part xc7k325tffg900-2 specified in board_part file is either invalid or not available
WARNING: [Board 49-26] cannot add Board Part digilentinc.com:arty-s7-50:part0:1.0 available at /opt/software/xilinx/Vivado/2015.4/data/boards/board_files/arty-s7-50/B.0/board.xml as part xc7s50csga324-1 specified in board_part file is either invalid or not available
WARNING: [Board 49-26] cannot add Board Part digilentinc.com:genesys2:part0:1.1 available at /opt/software/xilinx/Vivado/2015.4/data/boards/board_files/genesys2/H/board.xml as part xc7k325tffg900-2 specified in board_part file is either invalid or not available
WARNING: [Board 49-26] cannot add Board Part digilentinc.com:arty-s7-50:part0:1.0 available at /opt/software/xilinx/Vivado/2015.4/data/boards/board_files/arty-s7-50/B.0/board.xml as part xc7s50csga324-1 specified in board_part file is either invalid or not available
WARNING: [Board 49-26] cannot add Board Part digilentinc.com:genesys2:part0:1.1 available at /opt/software/xilinx/Vivado/2015.4/data/boards/board_files/genesys2/H/board.xml as part xc7k325tffg900-2 specified in board_part file is either invalid or not available
create_project SevenSegment /home/A01577421/Desktop/ECE2700/Lab2A/SevenSegment -part xc7a35tcpg236-1
WARNING: [Board 49-26] cannot add Board Part digilentinc.com:arty-s7-50:part0:1.0 available at /opt/software/xilinx/Vivado/2015.4/data/boards/board_files/arty-s7-50/B.0/board.xml as part xc7s50csga324-1 specified in board_part file is either invalid or not available
WARNING: [Board 49-26] cannot add Board Part digilentinc.com:genesys2:part0:1.1 available at /opt/software/xilinx/Vivado/2015.4/data/boards/board_files/genesys2/H/board.xml as part xc7k325tffg900-2 specified in board_part file is either invalid or not available
INFO: [IP_Flow 19-234] Refreshing IP repositories
INFO: [IP_Flow 19-1704] No user IP repositories specified
INFO: [IP_Flow 19-2313] Loaded Vivado IP repository '/opt/software/xilinx/Vivado/2015.4/data/ip'.
set_property board_part digilentinc.com:basys3:part0:1.1 [current_project]
file mkdir /home/A01577421/Desktop/ECE2700/Lab2A/SevenSegment/SevenSegment.srcs/sources_1/new
close [ open /home/A01577421/Desktop/ECE2700/Lab2A/SevenSegment/SevenSegment.srcs/sources_1/new/SevenSegmentTruthTable.v w ]
add_files /home/A01577421/Desktop/ECE2700/Lab2A/SevenSegment/SevenSegment.srcs/sources_1/new/SevenSegmentTruthTable.v
close [ open /home/A01577421/Desktop/ECE2700/Lab2A/SevenSegment/SevenSegment.srcs/sources_1/new/SevenSegmentTop.v w ]
add_files /home/A01577421/Desktop/ECE2700/Lab2A/SevenSegment/SevenSegment.srcs/sources_1/new/SevenSegmentTop.v
close [ open /home/A01577421/Desktop/ECE2700/Lab2A/SevenSegment/SevenSegment.srcs/sources_1/new/SevenSegmentCombinational.v w ]
add_files /home/A01577421/Desktop/ECE2700/Lab2A/SevenSegment/SevenSegment.srcs/sources_1/new/SevenSegmentCombinational.v
import_files -fileset constrs_1 -force -norecurse /home/A01577421/Desktop/ECE2700/Lab2A/Basys3_Master.xdc
update_compile_order -fileset sources_1
update_compile_order -fileset sources_1
update_compile_order -fileset sim_1
update_compile_order -fileset sources_1
update_compile_order -fileset sources_1
update_compile_order -fileset sim_1
file mkdir /home/A01577421/Desktop/ECE2700/Lab2A/SevenSegment/SevenSegment.srcs/sim_1/new
set_property SOURCE_SET sources_1 [get_filesets sim_1]
close [ open /home/A01577421/Desktop/ECE2700/Lab2A/SevenSegment/SevenSegment.srcs/sim_1/new/SevenSegmentTest.v w ]
add_files -fileset sim_1 /home/A01577421/Desktop/ECE2700/Lab2A/SevenSegment/SevenSegment.srcs/sim_1/new/SevenSegmentTest.v
update_compile_order -fileset sim_1
update_compile_order -fileset sources_1
update_compile_order -fileset sim_1
update_compile_order -fileset sim_1
launch_simulation
INFO: [USF-XSim-27] Simulation object is 'sim_1'
INFO: [USF-XSim-37] Inspecting design source files for 'SevenSegmentTest' in fileset 'sim_1'...
INFO: [USF-XSim-97] Finding global include files...
INFO: [USF-XSim-98] Fetching design files from 'sim_1'...
INFO: [USF-XSim-2] XSim::Compile design
INFO: [USF-XSim-61] Executing 'COMPILE' step in '/home/A01577421/Desktop/ECE2700/Lab2A/SevenSegment/SevenSegment.sim/sim_1/behav'
xvlog -m64 --relax -prj SevenSegmentTest_vlog.prj
INFO: [VRFC 10-2263] Analyzing Verilog file "/home/A01577421/Desktop/ECE2700/Lab2A/SevenSegment/SevenSegment.srcs/sources_1/new/SevenSegmentCombinational.v" into library xil_defaultlib
INFO: [VRFC 10-311] analyzing module SevenSegmentCombinational
INFO: [VRFC 10-2263] Analyzing Verilog file "/home/A01577421/Desktop/ECE2700/Lab2A/SevenSegment/SevenSegment.srcs/sources_1/new/SevenSegmentTop.v" into library xil_defaultlib
INFO: [VRFC 10-311] analyzing module SevenSegmentTop
ERROR: [VRFC 10-1247] port connections cannot be mixed ordered and named [/home/A01577421/Desktop/ECE2700/Lab2A/SevenSegment/SevenSegment.srcs/sources_1/new/SevenSegmentTop.v:15]
ERROR: [VRFC 10-1040] module SevenSegmentTop ignored due to previous errors [/home/A01577421/Desktop/ECE2700/Lab2A/SevenSegment/SevenSegment.srcs/sources_1/new/SevenSegmentTop.v:4]
INFO: [USF-XSim-99] Step results log file:'/home/A01577421/Desktop/ECE2700/Lab2A/SevenSegment/SevenSegment.sim/sim_1/behav/xvlog.log'
ERROR: [USF-XSim-62] 'compile' step failed with error(s). Please check the Tcl console output or '/home/A01577421/Desktop/ECE2700/Lab2A/SevenSegment/SevenSegment.sim/sim_1/behav/xvlog.log' file for more information.
launch_simulation
INFO: [USF-XSim-27] Simulation object is 'sim_1'
INFO: [USF-XSim-37] Inspecting design source files for 'SevenSegmentTest' in fileset 'sim_1'...
INFO: [USF-XSim-97] Finding global include files...
INFO: [USF-XSim-98] Fetching design files from 'sim_1'...
INFO: [USF-XSim-2] XSim::Compile design
INFO: [USF-XSim-61] Executing 'COMPILE' step in '/home/A01577421/Desktop/ECE2700/Lab2A/SevenSegment/SevenSegment.sim/sim_1/behav'
xvlog -m64 --relax -prj SevenSegmentTest_vlog.prj
INFO: [VRFC 10-2263] Analyzing Verilog file "/home/A01577421/Desktop/ECE2700/Lab2A/SevenSegment/SevenSegment.srcs/sources_1/new/SevenSegmentCombinational.v" into library xil_defaultlib
INFO: [VRFC 10-311] analyzing module SevenSegmentCombinational
INFO: [VRFC 10-2263] Analyzing Verilog file "/home/A01577421/Desktop/ECE2700/Lab2A/SevenSegment/SevenSegment.srcs/sources_1/new/SevenSegmentTop.v" into library xil_defaultlib
INFO: [VRFC 10-311] analyzing module SevenSegmentTop
ERROR: [VRFC 10-1247] port connections cannot be mixed ordered and named [/home/A01577421/Desktop/ECE2700/Lab2A/SevenSegment/SevenSegment.srcs/sources_1/new/SevenSegmentTop.v:15]
ERROR: [VRFC 10-1040] module SevenSegmentTop ignored due to previous errors [/home/A01577421/Desktop/ECE2700/Lab2A/SevenSegment/SevenSegment.srcs/sources_1/new/SevenSegmentTop.v:4]
INFO: [USF-XSim-99] Step results log file:'/home/A01577421/Desktop/ECE2700/Lab2A/SevenSegment/SevenSegment.sim/sim_1/behav/xvlog.log'
ERROR: [USF-XSim-62] 'compile' step failed with error(s). Please check the Tcl console output or '/home/A01577421/Desktop/ECE2700/Lab2A/SevenSegment/SevenSegment.sim/sim_1/behav/xvlog.log' file for more information.
launch_simulation
INFO: [USF-XSim-27] Simulation object is 'sim_1'
INFO: [USF-XSim-37] Inspecting design source files for 'SevenSegmentTest' in fileset 'sim_1'...
INFO: [USF-XSim-97] Finding global include files...
INFO: [USF-XSim-98] Fetching design files from 'sim_1'...
INFO: [USF-XSim-2] XSim::Compile design
INFO: [USF-XSim-61] Executing 'COMPILE' step in '/home/A01577421/Desktop/ECE2700/Lab2A/SevenSegment/SevenSegment.sim/sim_1/behav'
xvlog -m64 --relax -prj SevenSegmentTest_vlog.prj
INFO: [VRFC 10-2263] Analyzing Verilog file "/home/A01577421/Desktop/ECE2700/Lab2A/SevenSegment/SevenSegment.srcs/sources_1/new/SevenSegmentCombinational.v" into library xil_defaultlib
INFO: [VRFC 10-311] analyzing module SevenSegmentCombinational
INFO: [VRFC 10-2263] Analyzing Verilog file "/home/A01577421/Desktop/ECE2700/Lab2A/SevenSegment/SevenSegment.srcs/sources_1/new/SevenSegmentTop.v" into library xil_defaultlib
INFO: [VRFC 10-311] analyzing module SevenSegmentTop
ERROR: [VRFC 10-1247] port connections cannot be mixed ordered and named [/home/A01577421/Desktop/ECE2700/Lab2A/SevenSegment/SevenSegment.srcs/sources_1/new/SevenSegmentTop.v:15]
ERROR: [VRFC 10-1040] module SevenSegmentTop ignored due to previous errors [/home/A01577421/Desktop/ECE2700/Lab2A/SevenSegment/SevenSegment.srcs/sources_1/new/SevenSegmentTop.v:4]
INFO: [USF-XSim-99] Step results log file:'/home/A01577421/Desktop/ECE2700/Lab2A/SevenSegment/SevenSegment.sim/sim_1/behav/xvlog.log'
ERROR: [USF-XSim-62] 'compile' step failed with error(s). Please check the Tcl console output or '/home/A01577421/Desktop/ECE2700/Lab2A/SevenSegment/SevenSegment.sim/sim_1/behav/xvlog.log' file for more information.
launch_simulation
INFO: [USF-XSim-27] Simulation object is 'sim_1'
INFO: [USF-XSim-37] Inspecting design source files for 'SevenSegmentTest' in fileset 'sim_1'...
INFO: [USF-XSim-97] Finding global include files...
INFO: [USF-XSim-98] Fetching design files from 'sim_1'...
INFO: [USF-XSim-2] XSim::Compile design
INFO: [USF-XSim-61] Executing 'COMPILE' step in '/home/A01577421/Desktop/ECE2700/Lab2A/SevenSegment/SevenSegment.sim/sim_1/behav'
xvlog -m64 --relax -prj SevenSegmentTest_vlog.prj
INFO: [VRFC 10-2263] Analyzing Verilog file "/home/A01577421/Desktop/ECE2700/Lab2A/SevenSegment/SevenSegment.srcs/sources_1/new/SevenSegmentCombinational.v" into library xil_defaultlib
INFO: [VRFC 10-311] analyzing module SevenSegmentCombinational
INFO: [VRFC 10-2263] Analyzing Verilog file "/home/A01577421/Desktop/ECE2700/Lab2A/SevenSegment/SevenSegment.srcs/sources_1/new/SevenSegmentTop.v" into library xil_defaultlib
INFO: [VRFC 10-311] analyzing module SevenSegmentTop
ERROR: [VRFC 10-1247] port connections cannot be mixed ordered and named [/home/A01577421/Desktop/ECE2700/Lab2A/SevenSegment/SevenSegment.srcs/sources_1/new/SevenSegmentTop.v:15]
ERROR: [VRFC 10-1040] module SevenSegmentTop ignored due to previous errors [/home/A01577421/Desktop/ECE2700/Lab2A/SevenSegment/SevenSegment.srcs/sources_1/new/SevenSegmentTop.v:4]
INFO: [USF-XSim-99] Step results log file:'/home/A01577421/Desktop/ECE2700/Lab2A/SevenSegment/SevenSegment.sim/sim_1/behav/xvlog.log'
ERROR: [USF-XSim-62] 'compile' step failed with error(s). Please check the Tcl console output or '/home/A01577421/Desktop/ECE2700/Lab2A/SevenSegment/SevenSegment.sim/sim_1/behav/xvlog.log' file for more information.
launch_simulation
INFO: [USF-XSim-27] Simulation object is 'sim_1'
INFO: [USF-XSim-37] Inspecting design source files for 'SevenSegmentTest' in fileset 'sim_1'...
INFO: [USF-XSim-97] Finding global include files...
INFO: [USF-XSim-98] Fetching design files from 'sim_1'...
INFO: [USF-XSim-2] XSim::Compile design
INFO: [USF-XSim-61] Executing 'COMPILE' step in '/home/A01577421/Desktop/ECE2700/Lab2A/SevenSegment/SevenSegment.sim/sim_1/behav'
xvlog -m64 --relax -prj SevenSegmentTest_vlog.prj
INFO: [VRFC 10-2263] Analyzing Verilog file "/home/A01577421/Desktop/ECE2700/Lab2A/SevenSegment/SevenSegment.srcs/sources_1/new/SevenSegmentCombinational.v" into library xil_defaultlib
INFO: [VRFC 10-311] analyzing module SevenSegmentCombinational
INFO: [VRFC 10-2263] Analyzing Verilog file "/home/A01577421/Desktop/ECE2700/Lab2A/SevenSegment/SevenSegment.srcs/sources_1/new/SevenSegmentTop.v" into library xil_defaultlib
INFO: [VRFC 10-311] analyzing module SevenSegmentTop
INFO: [VRFC 10-2263] Analyzing Verilog file "/home/A01577421/Desktop/ECE2700/Lab2A/SevenSegment/SevenSegment.srcs/sim_1/new/SevenSegmentTest.v" into library xil_defaultlib
INFO: [VRFC 10-311] analyzing module SevenSegmentTest
INFO: [VRFC 10-2263] Analyzing Verilog file "/home/A01577421/Desktop/ECE2700/Lab2A/SevenSegment/SevenSegment.sim/sim_1/behav/glbl.v" into library xil_defaultlib
INFO: [VRFC 10-311] analyzing module glbl
INFO: [USF-XSim-3] XSim::Elaborate design
INFO: [USF-XSim-61] Executing 'ELABORATE' step in '/home/A01577421/Desktop/ECE2700/Lab2A/SevenSegment/SevenSegment.sim/sim_1/behav'
Vivado Simulator 2015.4
Copyright 1986-1999, 2001-2015 Xilinx, Inc. All Rights Reserved.
Running: /opt/software/xilinx/Vivado/2015.4/bin/unwrapped/lnx64.o/xelab -wto bfab0e2108b546eea6c68605ae734850 --debug typical --relax --mt 8 -L xil_defaultlib -L unisims_ver -L unimacro_ver -L secureip --snapshot SevenSegmentTest_behav xil_defaultlib.SevenSegmentTest xil_defaultlib.glbl -log elaborate.log 
Using 8 slave threads.
Starting static elaboration
Completed static elaboration
Starting simulation data flow analysis
Completed simulation data flow analysis
Time Resolution for simulation is 1ps
Compiling module xil_defaultlib.SevenSegmentCombinational
Compiling module xil_defaultlib.SevenSegmentTop
Compiling module xil_defaultlib.SevenSegmentTest
Compiling module xil_defaultlib.glbl
Built simulation snapshot SevenSegmentTest_behav

****** Webtalk v2015.4 (64-bit)
  **** SW Build 1412921 on Wed Nov 18 09:44:32 MST 2015
  **** IP Build 1412160 on Tue Nov 17 13:47:24 MST 2015
    ** Copyright 1986-2015 Xilinx, Inc. All Rights Reserved.

source /home/A01577421/Desktop/ECE2700/Lab2A/SevenSegment/SevenSegment.sim/sim_1/behav/xsim.dir/SevenSegmentTest_behav/webtalk/xsim_webtalk.tcl -notrace
INFO: [Common 17-206] Exiting Webtalk at Thu Sep 14 10:14:39 2017...
INFO: [USF-XSim-4] XSim::Simulate design
INFO: [USF-XSim-61] Executing 'SIMULATE' step in '/home/A01577421/Desktop/ECE2700/Lab2A/SevenSegment/SevenSegment.sim/sim_1/behav'
INFO: [USF-XSim-98] *** Running xsim
   with args "SevenSegmentTest_behav -key {Behavioral:sim_1:Functional:SevenSegmentTest} -tclbatch {SevenSegmentTest.tcl} -log {simulate.log}"
INFO: [USF-XSim-8] Loading simulator feature
Vivado Simulator 2015.4
Time resolution is 1 ps
source SevenSegmentTest.tcl
# set curr_wave [current_wave_config]
# if { [string length $curr_wave] == 0 } {
#   if { [llength [get_objects]] > 0} {
#     add_wave /
#     set_property needs_save false [current_wave_config]
#   } else {
#      send_msg_id Add_Wave-1 WARNING "No top level signals found. Simulator will start without a wave window. If you want to open a wave window go to 'File->New Waveform Configuration' or type 'create_wave_config' in the TCL console."
#   }
# }
# run 1000ns
INFO: [USF-XSim-96] XSim completed. Design snapshot 'SevenSegmentTest_behav' loaded.
INFO: [USF-XSim-97] XSim simulation ran for 1000ns
update_compile_order -fileset sources_1
close_sim
INFO: [Simtcl 6-16] Simulation closed
launch_simulation
INFO: [USF-XSim-27] Simulation object is 'sim_1'
INFO: [USF-XSim-37] Inspecting design source files for 'SevenSegmentTest' in fileset 'sim_1'...
INFO: [USF-XSim-97] Finding global include files...
INFO: [USF-XSim-98] Fetching design files from 'sim_1'...
INFO: [USF-XSim-2] XSim::Compile design
INFO: [USF-XSim-61] Executing 'COMPILE' step in '/home/A01577421/Desktop/ECE2700/Lab2A/SevenSegment/SevenSegment.sim/sim_1/behav'
xvlog -m64 --relax -prj SevenSegmentTest_vlog.prj
INFO: [VRFC 10-2263] Analyzing Verilog file "/home/A01577421/Desktop/ECE2700/Lab2A/SevenSegment/SevenSegment.srcs/sources_1/new/SevenSegmentTruthTable.v" into library xil_defaultlib
INFO: [VRFC 10-311] analyzing module SevenSegmentTruthTable
ERROR: [VRFC 10-91] wxyz is not declared [/home/A01577421/Desktop/ECE2700/Lab2A/SevenSegment/SevenSegment.srcs/sources_1/new/SevenSegmentTruthTable.v:26]
ERROR: [VRFC 10-1040] module SevenSegmentTruthTable ignored due to previous errors [/home/A01577421/Desktop/ECE2700/Lab2A/SevenSegment/SevenSegment.srcs/sources_1/new/SevenSegmentTruthTable.v:20]
INFO: [USF-XSim-99] Step results log file:'/home/A01577421/Desktop/ECE2700/Lab2A/SevenSegment/SevenSegment.sim/sim_1/behav/xvlog.log'
ERROR: [USF-XSim-62] 'compile' step failed with error(s). Please check the Tcl console output or '/home/A01577421/Desktop/ECE2700/Lab2A/SevenSegment/SevenSegment.sim/sim_1/behav/xvlog.log' file for more information.
update_compile_order -fileset sources_1
exit
INFO: [Common 17-206] Exiting Vivado at Thu Sep 14 10:22:56 2017...
