#-----------------------------------------------------------
# Vivado v2017.2 (64-bit)
# SW Build 1909853 on Thu Jun 15 18:39:09 MDT 2017
# IP Build 1909766 on Thu Jun 15 19:58:00 MDT 2017
# Start of session at: Thu Nov  2 15:06:57 2017
# Process ID: 12668
# Current directory: C:/Users/Brandon/Desktop/School/Digital circuits/ECE-2700/Lab4/counter
# Command line: vivado.exe -gui_launcher_event rodinguilauncherevent1864 C:\Users\Brandon\Desktop\School\Digital circuits\ECE-2700\Lab4\counter\counter.xpr
# Log file: C:/Users/Brandon/Desktop/School/Digital circuits/ECE-2700/Lab4/counter/vivado.log
# Journal file: C:/Users/Brandon/Desktop/School/Digital circuits/ECE-2700/Lab4/counter\vivado.jou
#-----------------------------------------------------------
start_gui
open_project {C:/Users/Brandon/Desktop/School/Digital circuits/ECE-2700/Lab4/project_1/project_1.xpr}
Scanning sources...
Finished scanning sources
INFO: [IP_Flow 19-234] Refreshing IP repositories
INFO: [IP_Flow 19-1704] No user IP repositories specified
INFO: [IP_Flow 19-2313] Loaded Vivado IP repository 'C:/Xilinx/Vivado/2017.2/data/ip'.
exit
INFO: [Common 17-206] Exiting Vivado at Thu Nov  2 15:08:55 2017...
