#-----------------------------------------------------------
# Vivado v2017.2 (64-bit)
# SW Build 1909853 on Thu Jun 15 18:39:09 MDT 2017
# IP Build 1909766 on Thu Jun 15 19:58:00 MDT 2017
# Start of session at: Tue Oct 31 16:25:44 2017
# Process ID: 10296
# Current directory: C:/Users/Brandon/Desktop/School/Digital circuits/ECE-2700/Lab4/counter
# Command line: vivado.exe -gui_launcher_event rodinguilauncherevent7180 C:\Users\Brandon\Desktop\School\Digital circuits\ECE-2700\Lab4\counter\counter.xpr
# Log file: C:/Users/Brandon/Desktop/School/Digital circuits/ECE-2700/Lab4/counter/vivado.log
# Journal file: C:/Users/Brandon/Desktop/School/Digital circuits/ECE-2700/Lab4/counter\vivado.jou
#-----------------------------------------------------------
start_gui
open_project {C:/Users/Brandon/Desktop/School/Digital circuits/ECE-2700/Lab4/counter/counter.xpr}
Scanning sources...
Finished scanning sources
INFO: [IP_Flow 19-234] Refreshing IP repositories
INFO: [IP_Flow 19-1704] No user IP repositories specified
INFO: [IP_Flow 19-2313] Loaded Vivado IP repository 'C:/Xilinx/Vivado/2017.2/data/ip'.
open_project: Time (s): cpu = 00:00:08 ; elapsed = 00:00:07 . Memory (MB): peak = 709.188 ; gain = 9.449
update_compile_order -fileset sources_1
exit
INFO: [Common 17-206] Exiting Vivado at Tue Oct 31 16:31:22 2017...
