Copyright 1986-2015 Xilinx, Inc. All Rights Reserved.
-------------------------------------------------------------------------------------------------------------
| Tool Version     : Vivado v.2015.4 (lin64) Build 1412921 Wed Nov 18 09:44:32 MST 2015
| Date             : Tue Oct 31 13:12:35 2017
| Host             : vlsi-24.engr.usu.edu running 64-bit CentOS Linux release 7.1.1503 (Core)
| Command          : report_power -file counter_power_routed.rpt -pb counter_power_summary_routed.pb
| Design           : counter
| Device           : xc7a35tcpg236-1
| Design State     : routed
| Grade            : commercial
| Process          : typical
| Characterization : Production
-------------------------------------------------------------------------------------------------------------

Power Report

Table of Contents
-----------------
1. Summary
1.1 On-Chip Components
1.2 Power Supply Summary
1.3 Confidence Level
2. Settings
2.1 Environment
2.2 Clock Constraints
3. Detailed Reports
3.1 By Hierarchy

1. Summary
----------

+--------------------------+-------+
| Total On-Chip Power (W)  | 0.073 |
| Dynamic (W)              | 0.001 |
| Device Static (W)        | 0.072 |
| Effective TJA (C/W)      | 5.0   |
| Max Ambient (C)          | 84.6  |
| Junction Temperature (C) | 25.4  |
| Confidence Level         | Low   |
| Setting File             | ---   |
| Simulation Activity File | ---   |
| Design Nets Matched      | NA    |
+--------------------------+-------+


1.1 On-Chip Components
----------------------

+----------------+-----------+----------+-----------+-----------------+
| On-Chip        | Power (W) | Used     | Available | Utilization (%) |
+----------------+-----------+----------+-----------+-----------------+
| Clocks         |    <0.001 |        3 |       --- |             --- |
| Slice Logic    |    <0.001 |      101 |       --- |             --- |
|   LUT as Logic |    <0.001 |       18 |     20800 |            0.09 |
|   CARRY4       |    <0.001 |        6 |      8150 |            0.07 |
|   Register     |    <0.001 |       42 |     41600 |            0.10 |
|   Others       |     0.000 |       34 |       --- |             --- |
| Signals        |    <0.001 |       66 |       --- |             --- |
| I/O            |    <0.001 |       11 |       106 |           10.38 |
| Static Power   |     0.072 |          |           |                 |
| Total          |     0.073 |          |           |                 |
+----------------+-----------+----------+-----------+-----------------+


1.2 Power Supply Summary
------------------------

+-----------+-------------+-----------+-------------+------------+
| Source    | Voltage (V) | Total (A) | Dynamic (A) | Static (A) |
+-----------+-------------+-----------+-------------+------------+
| Vccint    |       1.000 |     0.010 |       0.001 |      0.010 |
| Vccaux    |       1.800 |     0.013 |       0.000 |      0.013 |
| Vcco33    |       3.300 |     0.001 |       0.000 |      0.001 |
| Vcco25    |       2.500 |     0.000 |       0.000 |      0.000 |
| Vcco18    |       1.800 |     0.000 |       0.000 |      0.000 |
| Vcco15    |       1.500 |     0.000 |       0.000 |      0.000 |
| Vcco135   |       1.350 |     0.000 |       0.000 |      0.000 |
| Vcco12    |       1.200 |     0.000 |       0.000 |      0.000 |
| Vccaux_io |       1.800 |     0.000 |       0.000 |      0.000 |
| Vccbram   |       1.000 |     0.000 |       0.000 |      0.000 |
| MGTAVcc   |       1.000 |     0.000 |       0.000 |      0.000 |
| MGTAVtt   |       1.200 |     0.000 |       0.000 |      0.000 |
| Vccadc    |       1.800 |     0.020 |       0.000 |      0.020 |
+-----------+-------------+-----------+-------------+------------+


1.3 Confidence Level
--------------------

+-----------------------------+------------+-------------------------------------------------------+--------------------------------------------------------------------------------------------------------------------+
| User Input Data             | Confidence | Details                                               | Action                                                                                                             |
+-----------------------------+------------+-------------------------------------------------------+--------------------------------------------------------------------------------------------------------------------+
| Design implementation state | High       | Design is routed                                      |                                                                                                                    |
| Clock nodes activity        | Low        | User specified less than 75% of clocks                | Provide missing clock activity with a constraint file, simulation results or by editing the "By Clock Domain" view |
| I/O nodes activity          | Medium     | More than 5% of inputs are missing user specification | Provide missing input activity with simulation results or by editing the "By Resource Type -> I/Os" view           |
| Internal nodes activity     | High       | User specified more than 25% of internal nodes        |                                                                                                                    |
| Device models               | High       | Device models are Production                          |                                                                                                                    |
|                             |            |                                                       |                                                                                                                    |
| Overall confidence level    | Low        |                                                       |                                                                                                                    |
+-----------------------------+------------+-------------------------------------------------------+--------------------------------------------------------------------------------------------------------------------+


2. Settings
-----------

2.1 Environment
---------------

+-----------------------+--------------------------+
| Ambient Temp (C)      | 25.0                     |
| ThetaJA (C/W)         | 5.0                      |
| Airflow (LFM)         | 250                      |
| Heat Sink             | medium (Medium Profile)  |
| ThetaSA (C/W)         | 4.6                      |
| Board Selection       | medium (10"x10")         |
| # of Board Layers     | 12to15 (12 to 15 Layers) |
| Board Temperature (C) | 25.0                     |
+-----------------------+--------------------------+


2.2 Clock Constraints
---------------------

+-------------+--------+-----------------+
| Clock       | Domain | Constraint (ns) |
+-------------+--------+-----------------+
| sys_clk_pin | mclk   |            10.0 |
+-------------+--------+-----------------+


3. Detailed Reports
-------------------

3.1 By Hierarchy
----------------

+------------------+-----------+
| Name             | Power (W) |
+------------------+-----------+
| counter          |    <0.001 |
|   clkdiv         |    <0.001 |
|   flipping[0].j0 |    <0.001 |
|     D1           |    <0.001 |
|       d1         |    <0.001 |
|       d2         |    <0.001 |
|   flipping[1].j1 |    <0.001 |
|     D1           |    <0.001 |
|       d1         |    <0.001 |
|       d2         |    <0.001 |
|   flipping[2].j1 |    <0.001 |
|     D1           |    <0.001 |
|       d1         |    <0.001 |
|       d2         |    <0.001 |
|   flipping[3].j1 |    <0.001 |
|     D1           |    <0.001 |
|       d1         |    <0.001 |
|       d2         |    <0.001 |
|   flipping[4].j1 |    <0.001 |
|     D1           |    <0.001 |
|       d1         |    <0.001 |
|       d2         |    <0.001 |
|   flipping[5].j1 |    <0.001 |
|     D1           |    <0.001 |
|       d1         |    <0.001 |
|       d2         |    <0.001 |
|   flipping[6].j1 |    <0.001 |
|     D1           |    <0.001 |
|       d1         |    <0.001 |
|       d2         |    <0.001 |
|   flipping[7].j1 |    <0.001 |
|     D1           |    <0.001 |
|       d1         |    <0.001 |
|       d2         |    <0.001 |
+------------------+-----------+


