#-----------------------------------------------------------
# Vivado v2017.2 (64-bit)
# SW Build 1909853 on Thu Jun 15 18:39:09 MDT 2017
# IP Build 1909766 on Thu Jun 15 19:58:00 MDT 2017
# Start of session at: Sun Nov 12 00:55:29 2017
# Process ID: 8944
# Current directory: C:/Users/fearl/Desktop/School/digital_circuits/ECE-2700/Final_Project
# Command line: vivado.exe -gui_launcher_event rodinguilauncherevent6260 C:\Users\fearl\Desktop\School\digital_circuits\ECE-2700\Final_Project\Final_Project.xpr
# Log file: C:/Users/fearl/Desktop/School/digital_circuits/ECE-2700/Final_Project/vivado.log
# Journal file: C:/Users/fearl/Desktop/School/digital_circuits/ECE-2700/Final_Project\vivado.jou
#-----------------------------------------------------------
start_gui
opexit
INFO: [Common 17-206] Exiting Vivado at Sun Nov 12 00:58:32 2017...
Project/Final_Project.xpr
INFO: [Project 1-313] Project file moved from '/home/A01577421/Desktop/ECE2700/Final_Project' since last save.
Scanning sources...
Finished scanning sources
WARNING: [filemgmt 56-2] IPUserFilesDir: Could not find the directory 'C:/Users/fearl/Desktop/School/digital_circuits/ECE-2700/Final_Project/Final_Project.ip_user_files', nor could it be found using path 'C:/home/A01577421/Desktop/ECE2700/Final_Project/Final_Project.ip_user_files'.
CRITICAL WARNING: [Board 49-67] The board_part definition was not found for digilentinc.com:basys3:part0:1.1. This can happen sometimes when you use custom board part. You can resolve this issue by setting 'board.repoPaths' parameter, pointing to the location of custom board files. Valid board_part values can be retrieved with the 'get_board_parts' Tcl command.
INFO: [Project 1-230] Project 'Final_Project.xpr' upgraded for this version of Vivado.
INFO: [IP_Flow 19-234] Refreshing IP repositories
INFO: [IP_Flow 19-1704] No user IP repositories specified
INFO: [IP_Flow 19-2313] Loaded Vivado IP repository 'C:/Xilinx/Vivado/2017.2/data/ip'.
open_project: Time (s): cpu = 00:00:22 ; elapsed = 00:00:17 . Memory (MB): peak = 789.148 ; gain = 106.941
update_compile_order -fileset sources_1
exit
INFO: [Common 17-206] Exiting Vivado at Sun Nov 12 01:08:26 2017...
